<?xml version="1.0" encoding="UTF-8"?>
<!-- Generated by org.testng.reporters.JUnitReportReporter -->
<testsuite hostname="Guillermos-MacBook-Pro.local" failures="0" tests="5" name="services.TranzactServicesTest" time="4.605" errors="0" timestamp="2021-01-24T20:17:24 PET" skipped="0">
  <testcase classname="services.TranzactServicesTest" name="verifyCountryDE" time="2.418"/>
  <system-out/>
  <testcase classname="services.TranzactServicesTest" name="verifyCreateCountryTEST" time="0.001"/>
  <system-out/>
  <testcase classname="services.TranzactServicesTest" name="verifyInexistentCountryXW" time="0.664"/>
  <system-out/>
  <testcase classname="services.TranzactServicesTest" name="verifyCountryGB" time="0.716"/>
  <system-out/>
  <testcase classname="services.TranzactServicesTest" name="verifyCountryUS" time="0.806"/>
  <system-out/>
</testsuite> <!-- services.TranzactServicesTest -->
