<?xml version="1.0" encoding="UTF-8"?>
<!-- Generated by org.testng.reporters.JUnitReportReporter -->
<testsuite hostname="Guillermos-MacBook-Pro.local" failures="0" tests="1" name="tests.TranzactTest" time="0.005" errors="0" timestamp="2021-01-23T14:02:55 PET" skipped="0">
  <testcase classname="tests.TranzactTest" name="tranzacTest" time="0.005"/>
  <system-out/>
</testsuite> <!-- tests.TranzactTest -->
